生成启动时间为 2018/9/28 13:26:29。
     1>项目“D:\Code\Github\git\C_Code\C_Test_02\C_Test_02\C_Test_02.vcxproj”在节点 2 上(Build 个目标)。
     1>ClCompile:
         D:\Program\vs2013\VC\bin\CL.exe /c /ZI /nologo /W3 /WX- /sdl /Od /Oy- /D _MBCS /Gm /EHsc /RTC1 /MDd /GS /fp:precise /Zc:wchar_t /Zc:forScope /Fo"Debug\\" /Fd"Debug\vc120.pdb" /Gd /TC /analyze- /errorReport:prompt Count.c
         Count.c
       Link:
         D:\Program\vs2013\VC\bin\link.exe /ERRORREPORT:PROMPT /OUT:"D:\Code\Github\git\C_Code\C_Test_02\Debug\C_Test_02.exe" /INCREMENTAL /NOLOGO kernel32.lib user32.lib gdi32.lib winspool.lib comdlg32.lib advapi32.lib shell32.lib ole32.lib oleaut32.lib uuid.lib odbc32.lib odbccp32.lib /MANIFEST /MANIFESTUAC:"level='asInvoker' uiAccess='false'" /manifest:embed /DEBUG /PDB:"D:\Code\Github\git\C_Code\C_Test_02\Debug\C_Test_02.pdb" /TLBID:1 /DYNAMICBASE /NXCOMPAT /IMPLIB:"D:\Code\Github\git\C_Code\C_Test_02\Debug\C_Test_02.lib" /MACHINE:X86 Debug\ArraysSwap.obj
         Debug\calc.obj
         Debug\Count.obj
         Debug\test.obj
     1>calc.obj : error LNK2005: _main 已经在 ArraysSwap.obj 中定义
     1>Count.obj : error LNK2005: _main 已经在 ArraysSwap.obj 中定义
     1>D:\Code\Github\git\C_Code\C_Test_02\Debug\C_Test_02.exe : fatal error LNK1169: 找到一个或多个多重定义的符号
     1>已完成生成项目“D:\Code\Github\git\C_Code\C_Test_02\C_Test_02\C_Test_02.vcxproj”(Build 个目标)的操作 - 失败。

生成失败。

已用时间 00:00:00.66
